c:\users\takat\desktop\directx12tool\dxtk12\directxtk12\bin\desktop_2019_win10\x64\release\directxtk12.pch
c:\users\takat\desktop\directx12tool\dxtk12\directxtk12\bin\desktop_2019_win10\x64\release\directxtk12.pdb
c:\users\takat\desktop\directx12tool\dxtk12\directxtk12\bin\desktop_2019_win10\x64\release\pch.obj
c:\users\takat\desktop\directx12tool\dxtk12\directxtk12\bin\desktop_2019_win10\x64\release\dualtextureeffect.obj
c:\users\takat\desktop\directx12tool\dxtk12\directxtk12\bin\desktop_2019_win10\x64\release\dualpostprocess.obj
c:\users\takat\desktop\directx12tool\dxtk12\directxtk12\bin\desktop_2019_win10\x64\release\directxhelpers.obj
c:\users\takat\desktop\directx12tool\dxtk12\directxtk12\bin\desktop_2019_win10\x64\release\descriptorheap.obj
c:\users\takat\desktop\directx12tool\dxtk12\directxtk12\bin\desktop_2019_win10\x64\release\debugeffect.obj
c:\users\takat\desktop\directx12tool\dxtk12\directxtk12\bin\desktop_2019_win10\x64\release\ddstextureloader.obj
c:\users\takat\desktop\directx12tool\dxtk12\directxtk12\bin\desktop_2019_win10\x64\release\commonstates.obj
c:\users\takat\desktop\directx12tool\dxtk12\directxtk12\bin\desktop_2019_win10\x64\release\bufferhelpers.obj
c:\users\takat\desktop\directx12tool\dxtk12\directxtk12\bin\desktop_2019_win10\x64\release\basicpostprocess.obj
c:\users\takat\desktop\directx12tool\dxtk12\directxtk12\bin\desktop_2019_win10\x64\release\basiceffect.obj
c:\users\takat\desktop\directx12tool\dxtk12\directxtk12\bin\desktop_2019_win10\x64\release\alphatesteffect.obj
c:\users\takat\desktop\directx12tool\dxtk12\directxtk12\bin\desktop_2019_win10\x64\release\wavfilereader.obj
c:\users\takat\desktop\directx12tool\dxtk12\directxtk12\bin\desktop_2019_win10\x64\release\wavebankreader.obj
c:\users\takat\desktop\directx12tool\dxtk12\directxtk12\bin\desktop_2019_win10\x64\release\wavebank.obj
c:\users\takat\desktop\directx12tool\dxtk12\directxtk12\bin\desktop_2019_win10\x64\release\soundstreaminstance.obj
c:\users\takat\desktop\directx12tool\dxtk12\directxtk12\bin\desktop_2019_win10\x64\release\soundeffectinstance.obj
c:\users\takat\desktop\directx12tool\dxtk12\directxtk12\bin\desktop_2019_win10\x64\release\soundeffect.obj
c:\users\takat\desktop\directx12tool\dxtk12\directxtk12\bin\desktop_2019_win10\x64\release\soundcommon.obj
c:\users\takat\desktop\directx12tool\dxtk12\directxtk12\bin\desktop_2019_win10\x64\release\dynamicsoundeffectinstance.obj
c:\users\takat\desktop\directx12tool\dxtk12\directxtk12\bin\desktop_2019_win10\x64\release\audioengine.obj
c:\users\takat\desktop\directx12tool\dxtk12\directxtk12\bin\desktop_2019_win10\x64\release\pbreffectfactory.obj
c:\users\takat\desktop\directx12tool\dxtk12\directxtk12\bin\desktop_2019_win10\x64\release\pbreffect.obj
c:\users\takat\desktop\directx12tool\dxtk12\directxtk12\bin\desktop_2019_win10\x64\release\normalmapeffect.obj
c:\users\takat\desktop\directx12tool\dxtk12\directxtk12\bin\desktop_2019_win10\x64\release\graphicsmemory.obj
c:\users\takat\desktop\directx12tool\dxtk12\directxtk12\bin\desktop_2019_win10\x64\release\mouse.obj
c:\users\takat\desktop\directx12tool\dxtk12\directxtk12\bin\desktop_2019_win10\x64\release\modelloadvbo.obj
c:\users\takat\desktop\directx12tool\dxtk12\directxtk12\bin\desktop_2019_win10\x64\release\modelloadsdkmesh.obj
c:\users\takat\desktop\directx12tool\dxtk12\directxtk12\bin\desktop_2019_win10\x64\release\modelloadcmo.obj
c:\users\takat\desktop\directx12tool\dxtk12\directxtk12\bin\desktop_2019_win10\x64\release\model.obj
c:\users\takat\desktop\directx12tool\dxtk12\directxtk12\bin\desktop_2019_win10\x64\release\linearallocator.obj
c:\users\takat\desktop\directx12tool\dxtk12\directxtk12\bin\desktop_2019_win10\x64\release\keyboard.obj
c:\users\takat\desktop\directx12tool\dxtk12\directxtk12\bin\desktop_2019_win10\x64\release\geometry.obj
c:\users\takat\desktop\directx12tool\dxtk12\directxtk12\bin\desktop_2019_win10\x64\release\geometricprimitive.obj
c:\users\takat\desktop\directx12tool\dxtk12\directxtk12\bin\desktop_2019_win10\x64\release\gamepad.obj
c:\users\takat\desktop\directx12tool\dxtk12\directxtk12\bin\desktop_2019_win10\x64\release\environmentmapeffect.obj
c:\users\takat\desktop\directx12tool\dxtk12\directxtk12\bin\desktop_2019_win10\x64\release\effecttexturefactory.obj
c:\users\takat\desktop\directx12tool\dxtk12\directxtk12\bin\desktop_2019_win10\x64\release\effectpipelinestatedescription.obj
c:\users\takat\desktop\directx12tool\dxtk12\directxtk12\bin\desktop_2019_win10\x64\release\effectfactory.obj
c:\users\takat\desktop\directx12tool\dxtk12\directxtk12\bin\desktop_2019_win10\x64\release\effectcommon.obj
c:\users\takat\desktop\directx12tool\dxtk12\directxtk12\bin\desktop_2019_win10\x64\release\binaryreader.obj
c:\users\takat\desktop\directx12tool\dxtk12\directxtk12\bin\desktop_2019_win10\x64\release\wictextureloader.obj
c:\users\takat\desktop\directx12tool\dxtk12\directxtk12\bin\desktop_2019_win10\x64\release\vertextypes.obj
c:\users\takat\desktop\directx12tool\dxtk12\directxtk12\bin\desktop_2019_win10\x64\release\tonemappostprocess.obj
c:\users\takat\desktop\directx12tool\dxtk12\directxtk12\bin\desktop_2019_win10\x64\release\spritefont.obj
c:\users\takat\desktop\directx12tool\dxtk12\directxtk12\bin\desktop_2019_win10\x64\release\primitivebatch.obj
c:\users\takat\desktop\directx12tool\dxtk12\directxtk12\bin\desktop_2019_win10\x64\release\spritebatch.obj
c:\users\takat\desktop\directx12tool\dxtk12\directxtk12\bin\desktop_2019_win10\x64\release\skinnedeffect.obj
c:\users\takat\desktop\directx12tool\dxtk12\directxtk12\bin\desktop_2019_win10\x64\release\simplemath.obj
c:\users\takat\desktop\directx12tool\dxtk12\directxtk12\bin\desktop_2019_win10\x64\release\screengrab.obj
c:\users\takat\desktop\directx12tool\dxtk12\directxtk12\bin\desktop_2019_win10\x64\release\resourceuploadbatch.obj
c:\users\takat\desktop\directx12tool\dxtk12\directxtk12\bin\desktop_2019_win10\x64\release\directxtk12.lib
c:\users\takat\desktop\tool\directx12tool\dxtk12\directxtk12\bin\desktop_2019_win10\x64\release\alphatesteffect.obj
c:\users\takat\desktop\tool\directx12tool\dxtk12\directxtk12\bin\desktop_2019_win10\x64\release\audioengine.obj
c:\users\takat\desktop\tool\directx12tool\dxtk12\directxtk12\bin\desktop_2019_win10\x64\release\basiceffect.obj
c:\users\takat\desktop\tool\directx12tool\dxtk12\directxtk12\bin\desktop_2019_win10\x64\release\basicpostprocess.obj
c:\users\takat\desktop\tool\directx12tool\dxtk12\directxtk12\bin\desktop_2019_win10\x64\release\binaryreader.obj
c:\users\takat\desktop\tool\directx12tool\dxtk12\directxtk12\bin\desktop_2019_win10\x64\release\bufferhelpers.obj
c:\users\takat\desktop\tool\directx12tool\dxtk12\directxtk12\bin\desktop_2019_win10\x64\release\commonstates.obj
c:\users\takat\desktop\tool\directx12tool\dxtk12\directxtk12\bin\desktop_2019_win10\x64\release\ddstextureloader.obj
c:\users\takat\desktop\tool\directx12tool\dxtk12\directxtk12\bin\desktop_2019_win10\x64\release\debugeffect.obj
c:\users\takat\desktop\tool\directx12tool\dxtk12\directxtk12\bin\desktop_2019_win10\x64\release\descriptorheap.obj
c:\users\takat\desktop\tool\directx12tool\dxtk12\directxtk12\bin\desktop_2019_win10\x64\release\directxhelpers.obj
c:\users\takat\desktop\tool\directx12tool\dxtk12\directxtk12\bin\desktop_2019_win10\x64\release\dualpostprocess.obj
c:\users\takat\desktop\tool\directx12tool\dxtk12\directxtk12\bin\desktop_2019_win10\x64\release\dualtextureeffect.obj
c:\users\takat\desktop\tool\directx12tool\dxtk12\directxtk12\bin\desktop_2019_win10\x64\release\dynamicsoundeffectinstance.obj
c:\users\takat\desktop\tool\directx12tool\dxtk12\directxtk12\bin\desktop_2019_win10\x64\release\effectcommon.obj
c:\users\takat\desktop\tool\directx12tool\dxtk12\directxtk12\bin\desktop_2019_win10\x64\release\effectfactory.obj
c:\users\takat\desktop\tool\directx12tool\dxtk12\directxtk12\bin\desktop_2019_win10\x64\release\effectpipelinestatedescription.obj
c:\users\takat\desktop\tool\directx12tool\dxtk12\directxtk12\bin\desktop_2019_win10\x64\release\effecttexturefactory.obj
c:\users\takat\desktop\tool\directx12tool\dxtk12\directxtk12\bin\desktop_2019_win10\x64\release\environmentmapeffect.obj
c:\users\takat\desktop\tool\directx12tool\dxtk12\directxtk12\bin\desktop_2019_win10\x64\release\gamepad.obj
c:\users\takat\desktop\tool\directx12tool\dxtk12\directxtk12\bin\desktop_2019_win10\x64\release\geometricprimitive.obj
c:\users\takat\desktop\tool\directx12tool\dxtk12\directxtk12\bin\desktop_2019_win10\x64\release\geometry.obj
c:\users\takat\desktop\tool\directx12tool\dxtk12\directxtk12\bin\desktop_2019_win10\x64\release\graphicsmemory.obj
c:\users\takat\desktop\tool\directx12tool\dxtk12\directxtk12\bin\desktop_2019_win10\x64\release\keyboard.obj
c:\users\takat\desktop\tool\directx12tool\dxtk12\directxtk12\bin\desktop_2019_win10\x64\release\linearallocator.obj
c:\users\takat\desktop\tool\directx12tool\dxtk12\directxtk12\bin\desktop_2019_win10\x64\release\model.obj
c:\users\takat\desktop\tool\directx12tool\dxtk12\directxtk12\bin\desktop_2019_win10\x64\release\modelloadcmo.obj
c:\users\takat\desktop\tool\directx12tool\dxtk12\directxtk12\bin\desktop_2019_win10\x64\release\modelloadsdkmesh.obj
c:\users\takat\desktop\tool\directx12tool\dxtk12\directxtk12\bin\desktop_2019_win10\x64\release\modelloadvbo.obj
c:\users\takat\desktop\tool\directx12tool\dxtk12\directxtk12\bin\desktop_2019_win10\x64\release\mouse.obj
c:\users\takat\desktop\tool\directx12tool\dxtk12\directxtk12\bin\desktop_2019_win10\x64\release\normalmapeffect.obj
c:\users\takat\desktop\tool\directx12tool\dxtk12\directxtk12\bin\desktop_2019_win10\x64\release\pbreffect.obj
c:\users\takat\desktop\tool\directx12tool\dxtk12\directxtk12\bin\desktop_2019_win10\x64\release\pbreffectfactory.obj
c:\users\takat\desktop\tool\directx12tool\dxtk12\directxtk12\bin\desktop_2019_win10\x64\release\pch.obj
c:\users\takat\desktop\tool\directx12tool\dxtk12\directxtk12\bin\desktop_2019_win10\x64\release\primitivebatch.obj
c:\users\takat\desktop\tool\directx12tool\dxtk12\directxtk12\bin\desktop_2019_win10\x64\release\resourceuploadbatch.obj
c:\users\takat\desktop\tool\directx12tool\dxtk12\directxtk12\bin\desktop_2019_win10\x64\release\screengrab.obj
c:\users\takat\desktop\tool\directx12tool\dxtk12\directxtk12\bin\desktop_2019_win10\x64\release\simplemath.obj
c:\users\takat\desktop\tool\directx12tool\dxtk12\directxtk12\bin\desktop_2019_win10\x64\release\skinnedeffect.obj
c:\users\takat\desktop\tool\directx12tool\dxtk12\directxtk12\bin\desktop_2019_win10\x64\release\soundcommon.obj
c:\users\takat\desktop\tool\directx12tool\dxtk12\directxtk12\bin\desktop_2019_win10\x64\release\soundeffect.obj
c:\users\takat\desktop\tool\directx12tool\dxtk12\directxtk12\bin\desktop_2019_win10\x64\release\soundeffectinstance.obj
c:\users\takat\desktop\tool\directx12tool\dxtk12\directxtk12\bin\desktop_2019_win10\x64\release\soundstreaminstance.obj
c:\users\takat\desktop\tool\directx12tool\dxtk12\directxtk12\bin\desktop_2019_win10\x64\release\spritebatch.obj
c:\users\takat\desktop\tool\directx12tool\dxtk12\directxtk12\bin\desktop_2019_win10\x64\release\spritefont.obj
c:\users\takat\desktop\tool\directx12tool\dxtk12\directxtk12\bin\desktop_2019_win10\x64\release\tonemappostprocess.obj
c:\users\takat\desktop\tool\directx12tool\dxtk12\directxtk12\bin\desktop_2019_win10\x64\release\vertextypes.obj
c:\users\takat\desktop\tool\directx12tool\dxtk12\directxtk12\bin\desktop_2019_win10\x64\release\wavebank.obj
c:\users\takat\desktop\tool\directx12tool\dxtk12\directxtk12\bin\desktop_2019_win10\x64\release\wavebankreader.obj
c:\users\takat\desktop\tool\directx12tool\dxtk12\directxtk12\bin\desktop_2019_win10\x64\release\wavfilereader.obj
c:\users\takat\desktop\tool\directx12tool\dxtk12\directxtk12\bin\desktop_2019_win10\x64\release\wictextureloader.obj
c:\users\takat\desktop\tool\directx12tool\dxtk12\directxtk12\bin\desktop_2019_win10\x64\release\directxtk12.pch
c:\users\takat\desktop\tool\directx12tool\dxtk12\directxtk12\bin\desktop_2019_win10\x64\release\directxtk12.pdb
c:\users\takat\desktop\tool\directx12tool\dxtk12\directxtk12\bin\desktop_2019_win10\x64\release\directxtk12.lib
c:\users\takat\desktop\tool\directx12tool\dxtk12\directxtk12\bin\desktop_2019_win10\x64\release\directxtk12.tlog\cl.command.1.tlog
c:\users\takat\desktop\tool\directx12tool\dxtk12\directxtk12\bin\desktop_2019_win10\x64\release\directxtk12.tlog\cl.read.1.tlog
c:\users\takat\desktop\tool\directx12tool\dxtk12\directxtk12\bin\desktop_2019_win10\x64\release\directxtk12.tlog\cl.write.1.tlog
c:\users\takat\desktop\tool\directx12tool\dxtk12\directxtk12\bin\desktop_2019_win10\x64\release\directxtk12.tlog\lib-link.read.1.tlog
c:\users\takat\desktop\tool\directx12tool\dxtk12\directxtk12\bin\desktop_2019_win10\x64\release\directxtk12.tlog\lib-link.write.1.tlog
c:\users\takat\desktop\tool\directx12tool\dxtk12\directxtk12\bin\desktop_2019_win10\x64\release\directxtk12.tlog\lib.command.1.tlog
