c:\users\takat\desktop\directx12tool\dxtk12\directxtk12\bin\desktop_2019_win10\x64\debug\directxtk12.pch
c:\users\takat\desktop\directx12tool\dxtk12\directxtk12\bin\desktop_2019_win10\x64\debug\directxtk12.pdb
c:\users\takat\desktop\directx12tool\dxtk12\directxtk12\bin\desktop_2019_win10\x64\debug\directxtk12.idb
c:\users\takat\desktop\directx12tool\dxtk12\directxtk12\bin\desktop_2019_win10\x64\debug\pch.obj
c:\users\takat\desktop\directx12tool\dxtk12\directxtk12\bin\desktop_2019_win10\x64\debug\dualtextureeffect.obj
c:\users\takat\desktop\directx12tool\dxtk12\directxtk12\bin\desktop_2019_win10\x64\debug\dualpostprocess.obj
c:\users\takat\desktop\directx12tool\dxtk12\directxtk12\bin\desktop_2019_win10\x64\debug\directxhelpers.obj
c:\users\takat\desktop\directx12tool\dxtk12\directxtk12\bin\desktop_2019_win10\x64\debug\descriptorheap.obj
c:\users\takat\desktop\directx12tool\dxtk12\directxtk12\bin\desktop_2019_win10\x64\debug\debugeffect.obj
c:\users\takat\desktop\directx12tool\dxtk12\directxtk12\bin\desktop_2019_win10\x64\debug\ddstextureloader.obj
c:\users\takat\desktop\directx12tool\dxtk12\directxtk12\bin\desktop_2019_win10\x64\debug\commonstates.obj
c:\users\takat\desktop\directx12tool\dxtk12\directxtk12\bin\desktop_2019_win10\x64\debug\bufferhelpers.obj
c:\users\takat\desktop\directx12tool\dxtk12\directxtk12\bin\desktop_2019_win10\x64\debug\basicpostprocess.obj
c:\users\takat\desktop\directx12tool\dxtk12\directxtk12\bin\desktop_2019_win10\x64\debug\basiceffect.obj
c:\users\takat\desktop\directx12tool\dxtk12\directxtk12\bin\desktop_2019_win10\x64\debug\alphatesteffect.obj
c:\users\takat\desktop\directx12tool\dxtk12\directxtk12\bin\desktop_2019_win10\x64\debug\wavfilereader.obj
c:\users\takat\desktop\directx12tool\dxtk12\directxtk12\bin\desktop_2019_win10\x64\debug\wavebankreader.obj
c:\users\takat\desktop\directx12tool\dxtk12\directxtk12\bin\desktop_2019_win10\x64\debug\wavebank.obj
c:\users\takat\desktop\directx12tool\dxtk12\directxtk12\bin\desktop_2019_win10\x64\debug\soundstreaminstance.obj
c:\users\takat\desktop\directx12tool\dxtk12\directxtk12\bin\desktop_2019_win10\x64\debug\soundeffectinstance.obj
c:\users\takat\desktop\directx12tool\dxtk12\directxtk12\bin\desktop_2019_win10\x64\debug\soundeffect.obj
c:\users\takat\desktop\directx12tool\dxtk12\directxtk12\bin\desktop_2019_win10\x64\debug\soundcommon.obj
c:\users\takat\desktop\directx12tool\dxtk12\directxtk12\bin\desktop_2019_win10\x64\debug\dynamicsoundeffectinstance.obj
c:\users\takat\desktop\directx12tool\dxtk12\directxtk12\bin\desktop_2019_win10\x64\debug\audioengine.obj
c:\users\takat\desktop\directx12tool\dxtk12\directxtk12\bin\desktop_2019_win10\x64\debug\pbreffectfactory.obj
c:\users\takat\desktop\directx12tool\dxtk12\directxtk12\bin\desktop_2019_win10\x64\debug\pbreffect.obj
c:\users\takat\desktop\directx12tool\dxtk12\directxtk12\bin\desktop_2019_win10\x64\debug\normalmapeffect.obj
c:\users\takat\desktop\directx12tool\dxtk12\directxtk12\bin\desktop_2019_win10\x64\debug\graphicsmemory.obj
c:\users\takat\desktop\directx12tool\dxtk12\directxtk12\bin\desktop_2019_win10\x64\debug\mouse.obj
c:\users\takat\desktop\directx12tool\dxtk12\directxtk12\bin\desktop_2019_win10\x64\debug\modelloadvbo.obj
c:\users\takat\desktop\directx12tool\dxtk12\directxtk12\bin\desktop_2019_win10\x64\debug\modelloadsdkmesh.obj
c:\users\takat\desktop\directx12tool\dxtk12\directxtk12\bin\desktop_2019_win10\x64\debug\modelloadcmo.obj
c:\users\takat\desktop\directx12tool\dxtk12\directxtk12\bin\desktop_2019_win10\x64\debug\model.obj
c:\users\takat\desktop\directx12tool\dxtk12\directxtk12\bin\desktop_2019_win10\x64\debug\linearallocator.obj
c:\users\takat\desktop\directx12tool\dxtk12\directxtk12\bin\desktop_2019_win10\x64\debug\keyboard.obj
c:\users\takat\desktop\directx12tool\dxtk12\directxtk12\bin\desktop_2019_win10\x64\debug\geometry.obj
c:\users\takat\desktop\directx12tool\dxtk12\directxtk12\bin\desktop_2019_win10\x64\debug\geometricprimitive.obj
c:\users\takat\desktop\directx12tool\dxtk12\directxtk12\bin\desktop_2019_win10\x64\debug\gamepad.obj
c:\users\takat\desktop\directx12tool\dxtk12\directxtk12\bin\desktop_2019_win10\x64\debug\environmentmapeffect.obj
c:\users\takat\desktop\directx12tool\dxtk12\directxtk12\bin\desktop_2019_win10\x64\debug\effecttexturefactory.obj
c:\users\takat\desktop\directx12tool\dxtk12\directxtk12\bin\desktop_2019_win10\x64\debug\effectpipelinestatedescription.obj
c:\users\takat\desktop\directx12tool\dxtk12\directxtk12\bin\desktop_2019_win10\x64\debug\effectfactory.obj
c:\users\takat\desktop\directx12tool\dxtk12\directxtk12\bin\desktop_2019_win10\x64\debug\effectcommon.obj
c:\users\takat\desktop\directx12tool\dxtk12\directxtk12\bin\desktop_2019_win10\x64\debug\binaryreader.obj
c:\users\takat\desktop\directx12tool\dxtk12\directxtk12\bin\desktop_2019_win10\x64\debug\wictextureloader.obj
c:\users\takat\desktop\directx12tool\dxtk12\directxtk12\bin\desktop_2019_win10\x64\debug\vertextypes.obj
c:\users\takat\desktop\directx12tool\dxtk12\directxtk12\bin\desktop_2019_win10\x64\debug\tonemappostprocess.obj
c:\users\takat\desktop\directx12tool\dxtk12\directxtk12\bin\desktop_2019_win10\x64\debug\spritefont.obj
c:\users\takat\desktop\directx12tool\dxtk12\directxtk12\bin\desktop_2019_win10\x64\debug\primitivebatch.obj
c:\users\takat\desktop\directx12tool\dxtk12\directxtk12\bin\desktop_2019_win10\x64\debug\spritebatch.obj
c:\users\takat\desktop\directx12tool\dxtk12\directxtk12\bin\desktop_2019_win10\x64\debug\skinnedeffect.obj
c:\users\takat\desktop\directx12tool\dxtk12\directxtk12\bin\desktop_2019_win10\x64\debug\simplemath.obj
c:\users\takat\desktop\directx12tool\dxtk12\directxtk12\bin\desktop_2019_win10\x64\debug\screengrab.obj
c:\users\takat\desktop\directx12tool\dxtk12\directxtk12\bin\desktop_2019_win10\x64\debug\resourceuploadbatch.obj
c:\users\takat\desktop\directx12tool\dxtk12\directxtk12\bin\desktop_2019_win10\x64\debug\directxtk12.lib
c:\users\takat\desktop\tool\directx12tool\dxtk12\directxtk12\bin\desktop_2019_win10\x64\debug\alphatesteffect.obj
c:\users\takat\desktop\tool\directx12tool\dxtk12\directxtk12\bin\desktop_2019_win10\x64\debug\audioengine.obj
c:\users\takat\desktop\tool\directx12tool\dxtk12\directxtk12\bin\desktop_2019_win10\x64\debug\basiceffect.obj
c:\users\takat\desktop\tool\directx12tool\dxtk12\directxtk12\bin\desktop_2019_win10\x64\debug\basicpostprocess.obj
c:\users\takat\desktop\tool\directx12tool\dxtk12\directxtk12\bin\desktop_2019_win10\x64\debug\binaryreader.obj
c:\users\takat\desktop\tool\directx12tool\dxtk12\directxtk12\bin\desktop_2019_win10\x64\debug\bufferhelpers.obj
c:\users\takat\desktop\tool\directx12tool\dxtk12\directxtk12\bin\desktop_2019_win10\x64\debug\commonstates.obj
c:\users\takat\desktop\tool\directx12tool\dxtk12\directxtk12\bin\desktop_2019_win10\x64\debug\ddstextureloader.obj
c:\users\takat\desktop\tool\directx12tool\dxtk12\directxtk12\bin\desktop_2019_win10\x64\debug\debugeffect.obj
c:\users\takat\desktop\tool\directx12tool\dxtk12\directxtk12\bin\desktop_2019_win10\x64\debug\descriptorheap.obj
c:\users\takat\desktop\tool\directx12tool\dxtk12\directxtk12\bin\desktop_2019_win10\x64\debug\directxhelpers.obj
c:\users\takat\desktop\tool\directx12tool\dxtk12\directxtk12\bin\desktop_2019_win10\x64\debug\dualpostprocess.obj
c:\users\takat\desktop\tool\directx12tool\dxtk12\directxtk12\bin\desktop_2019_win10\x64\debug\dualtextureeffect.obj
c:\users\takat\desktop\tool\directx12tool\dxtk12\directxtk12\bin\desktop_2019_win10\x64\debug\dynamicsoundeffectinstance.obj
c:\users\takat\desktop\tool\directx12tool\dxtk12\directxtk12\bin\desktop_2019_win10\x64\debug\effectcommon.obj
c:\users\takat\desktop\tool\directx12tool\dxtk12\directxtk12\bin\desktop_2019_win10\x64\debug\effectfactory.obj
c:\users\takat\desktop\tool\directx12tool\dxtk12\directxtk12\bin\desktop_2019_win10\x64\debug\effectpipelinestatedescription.obj
c:\users\takat\desktop\tool\directx12tool\dxtk12\directxtk12\bin\desktop_2019_win10\x64\debug\effecttexturefactory.obj
c:\users\takat\desktop\tool\directx12tool\dxtk12\directxtk12\bin\desktop_2019_win10\x64\debug\environmentmapeffect.obj
c:\users\takat\desktop\tool\directx12tool\dxtk12\directxtk12\bin\desktop_2019_win10\x64\debug\gamepad.obj
c:\users\takat\desktop\tool\directx12tool\dxtk12\directxtk12\bin\desktop_2019_win10\x64\debug\geometricprimitive.obj
c:\users\takat\desktop\tool\directx12tool\dxtk12\directxtk12\bin\desktop_2019_win10\x64\debug\geometry.obj
c:\users\takat\desktop\tool\directx12tool\dxtk12\directxtk12\bin\desktop_2019_win10\x64\debug\graphicsmemory.obj
c:\users\takat\desktop\tool\directx12tool\dxtk12\directxtk12\bin\desktop_2019_win10\x64\debug\keyboard.obj
c:\users\takat\desktop\tool\directx12tool\dxtk12\directxtk12\bin\desktop_2019_win10\x64\debug\linearallocator.obj
c:\users\takat\desktop\tool\directx12tool\dxtk12\directxtk12\bin\desktop_2019_win10\x64\debug\model.obj
c:\users\takat\desktop\tool\directx12tool\dxtk12\directxtk12\bin\desktop_2019_win10\x64\debug\modelloadcmo.obj
c:\users\takat\desktop\tool\directx12tool\dxtk12\directxtk12\bin\desktop_2019_win10\x64\debug\modelloadsdkmesh.obj
c:\users\takat\desktop\tool\directx12tool\dxtk12\directxtk12\bin\desktop_2019_win10\x64\debug\modelloadvbo.obj
c:\users\takat\desktop\tool\directx12tool\dxtk12\directxtk12\bin\desktop_2019_win10\x64\debug\mouse.obj
c:\users\takat\desktop\tool\directx12tool\dxtk12\directxtk12\bin\desktop_2019_win10\x64\debug\normalmapeffect.obj
c:\users\takat\desktop\tool\directx12tool\dxtk12\directxtk12\bin\desktop_2019_win10\x64\debug\pbreffect.obj
c:\users\takat\desktop\tool\directx12tool\dxtk12\directxtk12\bin\desktop_2019_win10\x64\debug\pbreffectfactory.obj
c:\users\takat\desktop\tool\directx12tool\dxtk12\directxtk12\bin\desktop_2019_win10\x64\debug\pch.obj
c:\users\takat\desktop\tool\directx12tool\dxtk12\directxtk12\bin\desktop_2019_win10\x64\debug\primitivebatch.obj
c:\users\takat\desktop\tool\directx12tool\dxtk12\directxtk12\bin\desktop_2019_win10\x64\debug\resourceuploadbatch.obj
c:\users\takat\desktop\tool\directx12tool\dxtk12\directxtk12\bin\desktop_2019_win10\x64\debug\screengrab.obj
c:\users\takat\desktop\tool\directx12tool\dxtk12\directxtk12\bin\desktop_2019_win10\x64\debug\simplemath.obj
c:\users\takat\desktop\tool\directx12tool\dxtk12\directxtk12\bin\desktop_2019_win10\x64\debug\skinnedeffect.obj
c:\users\takat\desktop\tool\directx12tool\dxtk12\directxtk12\bin\desktop_2019_win10\x64\debug\soundcommon.obj
c:\users\takat\desktop\tool\directx12tool\dxtk12\directxtk12\bin\desktop_2019_win10\x64\debug\soundeffect.obj
c:\users\takat\desktop\tool\directx12tool\dxtk12\directxtk12\bin\desktop_2019_win10\x64\debug\soundeffectinstance.obj
c:\users\takat\desktop\tool\directx12tool\dxtk12\directxtk12\bin\desktop_2019_win10\x64\debug\soundstreaminstance.obj
c:\users\takat\desktop\tool\directx12tool\dxtk12\directxtk12\bin\desktop_2019_win10\x64\debug\spritebatch.obj
c:\users\takat\desktop\tool\directx12tool\dxtk12\directxtk12\bin\desktop_2019_win10\x64\debug\spritefont.obj
c:\users\takat\desktop\tool\directx12tool\dxtk12\directxtk12\bin\desktop_2019_win10\x64\debug\tonemappostprocess.obj
c:\users\takat\desktop\tool\directx12tool\dxtk12\directxtk12\bin\desktop_2019_win10\x64\debug\vertextypes.obj
c:\users\takat\desktop\tool\directx12tool\dxtk12\directxtk12\bin\desktop_2019_win10\x64\debug\wavebank.obj
c:\users\takat\desktop\tool\directx12tool\dxtk12\directxtk12\bin\desktop_2019_win10\x64\debug\wavebankreader.obj
c:\users\takat\desktop\tool\directx12tool\dxtk12\directxtk12\bin\desktop_2019_win10\x64\debug\wavfilereader.obj
c:\users\takat\desktop\tool\directx12tool\dxtk12\directxtk12\bin\desktop_2019_win10\x64\debug\wictextureloader.obj
c:\users\takat\desktop\tool\directx12tool\dxtk12\directxtk12\bin\desktop_2019_win10\x64\debug\directxtk12.pch
c:\users\takat\desktop\tool\directx12tool\dxtk12\directxtk12\bin\desktop_2019_win10\x64\debug\directxtk12.idb
c:\users\takat\desktop\tool\directx12tool\dxtk12\directxtk12\bin\desktop_2019_win10\x64\debug\directxtk12.pdb
c:\users\takat\desktop\tool\directx12tool\dxtk12\directxtk12\bin\desktop_2019_win10\x64\debug\directxtk12.lib
c:\users\takat\desktop\tool\directx12tool\dxtk12\directxtk12\bin\desktop_2019_win10\x64\debug\directxtk12.tlog\cl.command.1.tlog
c:\users\takat\desktop\tool\directx12tool\dxtk12\directxtk12\bin\desktop_2019_win10\x64\debug\directxtk12.tlog\cl.read.1.tlog
c:\users\takat\desktop\tool\directx12tool\dxtk12\directxtk12\bin\desktop_2019_win10\x64\debug\directxtk12.tlog\cl.write.1.tlog
c:\users\takat\desktop\tool\directx12tool\dxtk12\directxtk12\bin\desktop_2019_win10\x64\debug\directxtk12.tlog\lib-link.read.1.tlog
c:\users\takat\desktop\tool\directx12tool\dxtk12\directxtk12\bin\desktop_2019_win10\x64\debug\directxtk12.tlog\lib-link.write.1.tlog
c:\users\takat\desktop\tool\directx12tool\dxtk12\directxtk12\bin\desktop_2019_win10\x64\debug\directxtk12.tlog\lib.command.1.tlog
